<?xml version="1.0" encoding="UTF-8"?>
<!-- Generated by org.testng.reporters.JUnitXMLReporter -->
<testsuite ignored="0" hostname="DESKTOP-77DIHC5" failures="0" tests="3" name="testNGlisteners" time="0.099" errors="0" timestamp="2022-08-23T11:12:52 IST">
  <testcase classname="testNGlisteners.Testngtestcase" name="loginbyemail" time="0.021"/>
  <testcase classname="testNGlisteners.Testngtestcase" name="loginbyfacebook" time="0.003"/>
  <testcase classname="testNGlisteners.Testngtestcase" name="setup" time="0.002"/>
</testsuite> <!-- testNGlisteners -->
