<?xml version="1.0" encoding="UTF-8"?>
<!-- Generated by org.testng.reporters.JUnitXMLReporter -->
<testsuite ignored="0" hostname="DESKTOP-77DIHC5" failures="0" tests="4" name="Test" time="0.123" errors="0" timestamp="2022-08-19T10:35:51 IST">
  <testcase classname="package1.Tc1" name="m1" time="0.016"/>
  <testcase classname="package1.Tc1" name="m2" time="0.006"/>
  <testcase classname="package1.Tc2" name="m3" time="0.007"/>
  <testcase classname="package1.Tc2" name="m4" time="0.002"/>
</testsuite> <!-- Test -->
