<?xml version="1.0" encoding="UTF-8"?>
<!-- Generated by org.testng.reporters.JUnitXMLReporter -->
<testsuite ignored="0" hostname="DESKTOP-77DIHC5" failures="0" tests="3" name="crossbrowsertest" time="0.1" errors="0" timestamp="2022-09-06T10:21:43 IST">
  <testcase classname="testNGtestcase.MyFirstTestCase" name="openurl" time="0.019"/>
  <testcase classname="testNGtestcase.MyFirstTestCase" name="login" time="0.003"/>
  <testcase classname="testNGtestcase.MyFirstTestCase" name="logout" time="0.003"/>
</testsuite> <!-- crossbrowsertest -->
